[2023-05-16 18:21:37] local.ERROR: SQLSTATE[HY000] [1045] Access denied for user 'impac075_pedroneres'@'187.22.130.248' (using password: YES) (SQL: select * from `sessions` where `id` = NvveIDJmStoxerxoofwWehktLmezqOMlu93U2Y4M limit 1) {"exception":"[object] (Illuminate\\Database\\QueryException(code: 1045): SQLSTATE[HY000] [1045] Access denied for user 'impac075_pedroneres'@'187.22.130.248' (using password: YES) (SQL: select * from `sessions` where `id` = NvveIDJmStoxerxoofwWehktLmezqOMlu93U2Y4M limit 1) at C:\\projetos\\laravel\\sorteio2\\sorteio\\vendor\\laravel\\framework\\src\\Illuminate\\Database\\Connection.php:1423)
[stacktrace]
#0 C:\\projetos\\laravel\\sorteio2\\sorteio\\vendor\\laravel\\framework\\src\\Illuminate\\Database\\Connection.php(1343): Illuminate\\Database\\Connection->runQueryCallback('select * from `...', Array, Object(Closure))
#1 C:\\projetos\\laravel\\sorteio2\\sorteio\\vendor\\laravel\\framework\\src\\Illuminate\\Database\\Connection.php(751): Illuminate\\Database\\Connection->run('select * from `...', Array, Object(Closure))
#2 C:\\projetos\\laravel\\sorteio2\\sorteio\\vendor\\laravel\\framework\\src\\Illuminate\\Database\\Query\\Builder.php(4827): Illuminate\\Database\\Connection->select('select * from `...', Array, true)
#3 C:\\projetos\\laravel\\sorteio2\\sorteio\\vendor\\laravel\\framework\\src\\Illuminate\\Database\\Query\\Builder.php(4803): Illuminate\\Database\\Query\\Builder->runSelect()
#4 C:\\projetos\\laravel\\sorteio2\\sorteio\\vendor\\laravel\\framework\\src\\Illuminate\\Database\\Query\\Builder.php(5871): Illuminate\\Database\\Query\\Builder->Illuminate\\Database\\Query\\{closure}()
#5 C:\\projetos\\laravel\\sorteio2\\sorteio\\vendor\\laravel\\framework\\src\\Illuminate\\Database\\Query\\Builder.php(4805): Illuminate\\Database\\Query\\Builder->onceWithColumns(Array, Object(Closure))
#6 C:\\projetos\\laravel\\sorteio2\\sorteio\\vendor\\laravel\\framework\\src\\Illuminate\\Database\\Concerns\\BuildsQueries.php(587): Illuminate\\Database\\Query\\Builder->get(Array)
#7 C:\\projetos\\laravel\\sorteio2\\sorteio\\vendor\\laravel\\framework\\src\\Illuminate\\Database\\Query\\Builder.php(4753): Illuminate\\Database\\Query\\Builder->first(Array)
#8 C:\\projetos\\laravel\\sorteio2\\sorteio\\vendor\\laravel\\framework\\src\\Illuminate\\Session\\DatabaseSessionHandler.php(199): Illuminate\\Database\\Query\\Builder->find('NvveIDJmStoxerx...')
#9 C:\\projetos\\laravel\\sorteio2\\sorteio\\vendor\\laravel\\framework\\src\\Illuminate\\Session\\Store.php(193): Illuminate\\Session\\DatabaseSessionHandler->read('NvveIDJmStoxerx...')
#10 C:\\projetos\\laravel\\sorteio2\\sorteio\\vendor\\laravel\\framework\\src\\Illuminate\\Session\\Store.php(173): Illuminate\\Session\\Store->readFromHandler()
#11 C:\\projetos\\laravel\\sorteio2\\sorteio\\vendor\\laravel\\framework\\src\\Illuminate\\Session\\Store.php(141): Illuminate\\Session\\Store->loadSession()
#12 C:\\projetos\\laravel\\sorteio2\\sorteio\\vendor\\laravel\\framework\\src\\Illuminate\\Session\\Middleware\\StartSession.php(293): Illuminate\\Session\\Store->start()
#13 C:\\projetos\\laravel\\sorteio2\\sorteio\\vendor\\laravel\\framework\\src\\Illuminate\\Support\\helpers.php(525): Illuminate\\Session\\Middleware\\StartSession->Illuminate\\Session\\Middleware\\{closure}(Object(Illuminate\\Session\\Store))
#14 C:\\projetos\\laravel\\sorteio2\\sorteio\\vendor\\laravel\\framework\\src\\Illuminate\\Session\\Middleware\\StartSession.php(295): tap(Object(Illuminate\\Session\\Store), Object(Closure))
#15 C:\\projetos\\laravel\\sorteio2\\sorteio\\vendor\\laravel\\framework\\src\\Illuminate\\Session\\Middleware\\StartSession.php(231): Illuminate\\Session\\Middleware\\StartSession->startSession(Object(Illuminate\\Http\\Request), Object(Illuminate\\Session\\Store))
#16 C:\\projetos\\laravel\\sorteio2\\sorteio\\vendor\\laravel\\framework\\src\\Illuminate\\Session\\Middleware\\StartSession.php(127): Illuminate\\Session\\Middleware\\StartSession->handleStatefulRequest(Object(Illuminate\\Http\\Request), Object(Illuminate\\Session\\Store), Object(Closure))
#17 C:\\projetos\\laravel\\sorteio2\\sorteio\\vendor\\laravel\\framework\\src\\Illuminate\\Pipeline\\Pipeline.php(333): Illuminate\\Session\\Middleware\\StartSession->handle(Object(Illuminate\\Http\\Request), Object(Closure))
#18 C:\\projetos\\laravel\\sorteio2\\sorteio\\vendor\\laravel\\framework\\src\\Illuminate\\Cookie\\Middleware\\AddQueuedCookiesToResponse.php(73): Illuminate\\Pipeline\\Pipeline->Illuminate\\Pipeline\\{closure}(Object(Illuminate\\Http\\Request))
#19 C:\\projetos\\laravel\\sorteio2\\sorteio\\vendor\\laravel\\framework\\src\\Illuminate\\Pipeline\\Pipeline.php(333): Illuminate\\Cookie\\Middleware\\AddQueuedCookiesToResponse->handle(Object(Illuminate\\Http\\Request), Object(Closure))
#20 C:\\projetos\\laravel\\sorteio2\\sorteio\\vendor\\laravel\\framework\\src\\Illuminate\\Cookie\\Middleware\\EncryptCookies.php(133): Illuminate\\Pipeline\\Pipeline->Illuminate\\Pipeline\\{closure}(Object(Illuminate\\Http\\Request))
#21 C:\\projetos\\laravel\\sorteio2\\sorteio\\vendor\\laravel\\framework\\src\\Illuminate\\Pipeline\\Pipeline.php(333): Illuminate\\Cookie\\Middleware\\EncryptCookies->handle(Object(Illuminate\\Http\\Request), Object(Closure))
#22 C:\\projetos\\laravel\\sorteio2\\sorteio\\vendor\\laravel\\framework\\src\\Illuminate\\Pipeline\\Pipeline.php(205): Illuminate\\Pipeline\\Pipeline->Illuminate\\Pipeline\\{closure}(Object(Illuminate\\Http\\Request))
#23 C:\\projetos\\laravel\\sorteio2\\sorteio\\vendor\\laravel\\framework\\src\\Illuminate\\Routing\\Router.php(1445): Illuminate\\Pipeline\\Pipeline->then(Object(Closure))
#24 C:\\projetos\\laravel\\sorteio2\\sorteio\\vendor\\laravel\\framework\\src\\Illuminate\\Routing\\Router.php(1395): Illuminate\\Routing\\Router->runRouteWithinStack(Object(Illuminate\\Routing\\Route), Object(Illuminate\\Http\\Request))
#25 C:\\projetos\\laravel\\sorteio2\\sorteio\\vendor\\laravel\\framework\\src\\Illuminate\\Routing\\Router.php(1323): Illuminate\\Routing\\Router->runRoute(Object(Illuminate\\Http\\Request), Object(Illuminate\\Routing\\Route))
#26 C:\\projetos\\laravel\\sorteio2\\sorteio\\vendor\\laravel\\framework\\src\\Illuminate\\Routing\\Router.php(1301): Illuminate\\Routing\\Router->dispatchToRoute(Object(Illuminate\\Http\\Request))
#27 C:\\projetos\\laravel\\sorteio2\\sorteio\\vendor\\laravel\\framework\\src\\Illuminate\\Foundation\\Http\\Kernel.php(333): Illuminate\\Routing\\Router->dispatch(Object(Illuminate\\Http\\Request))
#28 C:\\projetos\\laravel\\sorteio2\\sorteio\\vendor\\laravel\\framework\\src\\Illuminate\\Pipeline\\Pipeline.php(255): Illuminate\\Foundation\\Http\\Kernel->Illuminate\\Foundation\\Http\\{closure}(Object(Illuminate\\Http\\Request))
#29 C:\\projetos\\laravel\\sorteio2\\sorteio\\vendor\\livewire\\livewire\\src\\DisableBrowserCache.php(37): Illuminate\\Pipeline\\Pipeline->Illuminate\\Pipeline\\{closure}(Object(Illuminate\\Http\\Request))
#30 C:\\projetos\\laravel\\sorteio2\\sorteio\\vendor\\laravel\\framework\\src\\Illuminate\\Pipeline\\Pipeline.php(333): Livewire\\DisableBrowserCache->handle(Object(Illuminate\\Http\\Request), Object(Closure))
#31 C:\\projetos\\laravel\\sorteio2\\sorteio\\vendor\\laravel\\framework\\src\\Illuminate\\Foundation\\Http\\Middleware\\TransformsRequest.php(41): Illuminate\\Pipeline\\Pipeline->Illuminate\\Pipeline\\{closure}(Object(Illuminate\\Http\\Request))
#32 C:\\projetos\\laravel\\sorteio2\\sorteio\\vendor\\laravel\\framework\\src\\Illuminate\\Foundation\\Http\\Middleware\\ConvertEmptyStringsToNull.php(61): Illuminate\\Foundation\\Http\\Middleware\\TransformsRequest->handle(Object(Illuminate\\Http\\Request), Object(Closure))
#33 C:\\projetos\\laravel\\sorteio2\\sorteio\\vendor\\laravel\\framework\\src\\Illuminate\\Pipeline\\Pipeline.php(333): Illuminate\\Foundation\\Http\\Middleware\\ConvertEmptyStringsToNull->handle(Object(Illuminate\\Http\\Request), Object(Closure))
#34 C:\\projetos\\laravel\\sorteio2\\sorteio\\vendor\\laravel\\framework\\src\\Illuminate\\Foundation\\Http\\Middleware\\TransformsRequest.php(41): Illuminate\\Pipeline\\Pipeline->Illuminate\\Pipeline\\{closure}(Object(Illuminate\\Http\\Request))
#35 C:\\projetos\\laravel\\sorteio2\\sorteio\\vendor\\laravel\\framework\\src\\Illuminate\\Foundation\\Http\\Middleware\\TrimStrings.php(79): Illuminate\\Foundation\\Http\\Middleware\\TransformsRequest->handle(Object(Illuminate\\Http\\Request), Object(Closure))
#36 C:\\projetos\\laravel\\sorteio2\\sorteio\\vendor\\laravel\\framework\\src\\Illuminate\\Pipeline\\Pipeline.php(333): Illuminate\\Foundation\\Http\\Middleware\\TrimStrings->handle(Object(Illuminate\\Http\\Request), Object(Closure))
#37 C:\\projetos\\laravel\\sorteio2\\sorteio\\vendor\\laravel\\framework\\src\\Illuminate\\Foundation\\Http\\Middleware\\ValidatePostSize.php(53): Illuminate\\Pipeline\\Pipeline->Illuminate\\Pipeline\\{closure}(Object(Illuminate\\Http\\Request))
#38 C:\\projetos\\laravel\\sorteio2\\sorteio\\vendor\\laravel\\framework\\src\\Illuminate\\Pipeline\\Pipeline.php(333): Illuminate\\Foundation\\Http\\Middleware\\ValidatePostSize->handle(Object(Illuminate\\Http\\Request), Object(Closure))
#39 C:\\projetos\\laravel\\sorteio2\\sorteio\\vendor\\laravel\\framework\\src\\Illuminate\\Foundation\\Http\\Middleware\\PreventRequestsDuringMaintenance.php(171): Illuminate\\Pipeline\\Pipeline->Illuminate\\Pipeline\\{closure}(Object(Illuminate\\Http\\Request))
#40 C:\\projetos\\laravel\\sorteio2\\sorteio\\vendor\\laravel\\framework\\src\\Illuminate\\Pipeline\\Pipeline.php(333): Illuminate\\Foundation\\Http\\Middleware\\PreventRequestsDuringMaintenance->handle(Object(Illuminate\\Http\\Request), Object(Closure))
#41 C:\\projetos\\laravel\\sorteio2\\sorteio\\vendor\\fruitcake\\laravel-cors\\src\\HandleCors.php(75): Illuminate\\Pipeline\\Pipeline->Illuminate\\Pipeline\\{closure}(Object(Illuminate\\Http\\Request))
#42 C:\\projetos\\laravel\\sorteio2\\sorteio\\vendor\\laravel\\framework\\src\\Illuminate\\Pipeline\\Pipeline.php(333): Fruitcake\\Cors\\HandleCors->handle(Object(Illuminate\\Http\\Request), Object(Closure))
#43 C:\\projetos\\laravel\\sorteio2\\sorteio\\vendor\\laravel\\framework\\src\\Illuminate\\Http\\Middleware\\TrustProxies.php(77): Illuminate\\Pipeline\\Pipeline->Illuminate\\Pipeline\\{closure}(Object(Illuminate\\Http\\Request))
#44 C:\\projetos\\laravel\\sorteio2\\sorteio\\vendor\\laravel\\framework\\src\\Illuminate\\Pipeline\\Pipeline.php(333): Illuminate\\Http\\Middleware\\TrustProxies->handle(Object(Illuminate\\Http\\Request), Object(Closure))
#45 C:\\projetos\\laravel\\sorteio2\\sorteio\\vendor\\laravel\\framework\\src\\Illuminate\\Pipeline\\Pipeline.php(205): Illuminate\\Pipeline\\Pipeline->Illuminate\\Pipeline\\{closure}(Object(Illuminate\\Http\\Request))
#46 C:\\projetos\\laravel\\sorteio2\\sorteio\\vendor\\laravel\\framework\\src\\Illuminate\\Foundation\\Http\\Kernel.php(283): Illuminate\\Pipeline\\Pipeline->then(Object(Closure))
#47 C:\\projetos\\laravel\\sorteio2\\sorteio\\vendor\\laravel\\framework\\src\\Illuminate\\Foundation\\Http\\Kernel.php(221): Illuminate\\Foundation\\Http\\Kernel->sendRequestThroughRouter(Object(Illuminate\\Http\\Request))
#48 C:\\projetos\\laravel\\sorteio2\\sorteio\\public\\index.php(103): Illuminate\\Foundation\\Http\\Kernel->handle(Object(Illuminate\\Http\\Request))
#49 C:\\projetos\\laravel\\sorteio2\\sorteio\\server.php(41): require_once('C:\\\\projetos\\\\lar...')
#50 {main}

[previous exception] [object] (PDOException(code: 1045): SQLSTATE[HY000] [1045] Access denied for user 'impac075_pedroneres'@'187.22.130.248' (using password: YES) at C:\\projetos\\laravel\\sorteio2\\sorteio\\vendor\\laravel\\framework\\src\\Illuminate\\Database\\Connectors\\Connector.php:139)
[stacktrace]
#0 C:\\projetos\\laravel\\sorteio2\\sorteio\\vendor\\laravel\\framework\\src\\Illuminate\\Database\\Connectors\\Connector.php(139): PDO->__construct('mysql:host=br36...', 'impac075_pedron...', 'Hpneres30*', Array)
#1 C:\\projetos\\laravel\\sorteio2\\sorteio\\vendor\\laravel\\framework\\src\\Illuminate\\Database\\Connectors\\Connector.php(91): Illuminate\\Database\\Connectors\\Connector->createPdoConnection('mysql:host=br36...', 'impac075_pedron...', 'Hpneres30*', Array)
#2 C:\\projetos\\laravel\\sorteio2\\sorteio\\vendor\\laravel\\framework\\src\\Illuminate\\Database\\Connectors\\MySqlConnector.php(47): Illuminate\\Database\\Connectors\\Connector->createConnection('mysql:host=br36...', Array, Array)
#3 C:\\projetos\\laravel\\sorteio2\\sorteio\\vendor\\laravel\\framework\\src\\Illuminate\\Database\\Connectors\\ConnectionFactory.php(367): Illuminate\\Database\\Connectors\\MySqlConnector->connect(Array)
#4 [internal function]: Illuminate\\Database\\Connectors\\ConnectionFactory->Illuminate\\Database\\Connectors\\{closure}()
#5 C:\\projetos\\laravel\\sorteio2\\sorteio\\vendor\\laravel\\framework\\src\\Illuminate\\Database\\Connection.php(2127): call_user_func(Object(Closure))
#6 C:\\projetos\\laravel\\sorteio2\\sorteio\\vendor\\laravel\\framework\\src\\Illuminate\\Database\\Connection.php(2199): Illuminate\\Database\\Connection->getPdo()
#7 C:\\projetos\\laravel\\sorteio2\\sorteio\\vendor\\laravel\\framework\\src\\Illuminate\\Database\\Connection.php(883): Illuminate\\Database\\Connection->getReadPdo()
#8 C:\\projetos\\laravel\\sorteio2\\sorteio\\vendor\\laravel\\framework\\src\\Illuminate\\Database\\Connection.php(735): Illuminate\\Database\\Connection->getPdoForSelect(true)
#9 C:\\projetos\\laravel\\sorteio2\\sorteio\\vendor\\laravel\\framework\\src\\Illuminate\\Database\\Connection.php(1409): Illuminate\\Database\\Connection->Illuminate\\Database\\{closure}('select * from `...', Array)
#10 C:\\projetos\\laravel\\sorteio2\\sorteio\\vendor\\laravel\\framework\\src\\Illuminate\\Database\\Connection.php(1343): Illuminate\\Database\\Connection->runQueryCallback('select * from `...', Array, Object(Closure))
#11 C:\\projetos\\laravel\\sorteio2\\sorteio\\vendor\\laravel\\framework\\src\\Illuminate\\Database\\Connection.php(751): Illuminate\\Database\\Connection->run('select * from `...', Array, Object(Closure))
#12 C:\\projetos\\laravel\\sorteio2\\sorteio\\vendor\\laravel\\framework\\src\\Illuminate\\Database\\Query\\Builder.php(4827): Illuminate\\Database\\Connection->select('select * from `...', Array, true)
#13 C:\\projetos\\laravel\\sorteio2\\sorteio\\vendor\\laravel\\framework\\src\\Illuminate\\Database\\Query\\Builder.php(4803): Illuminate\\Database\\Query\\Builder->runSelect()
#14 C:\\projetos\\laravel\\sorteio2\\sorteio\\vendor\\laravel\\framework\\src\\Illuminate\\Database\\Query\\Builder.php(5871): Illuminate\\Database\\Query\\Builder->Illuminate\\Database\\Query\\{closure}()
#15 C:\\projetos\\laravel\\sorteio2\\sorteio\\vendor\\laravel\\framework\\src\\Illuminate\\Database\\Query\\Builder.php(4805): Illuminate\\Database\\Query\\Builder->onceWithColumns(Array, Object(Closure))
#16 C:\\projetos\\laravel\\sorteio2\\sorteio\\vendor\\laravel\\framework\\src\\Illuminate\\Database\\Concerns\\BuildsQueries.php(587): Illuminate\\Database\\Query\\Builder->get(Array)
#17 C:\\projetos\\laravel\\sorteio2\\sorteio\\vendor\\laravel\\framework\\src\\Illuminate\\Database\\Query\\Builder.php(4753): Illuminate\\Database\\Query\\Builder->first(Array)
#18 C:\\projetos\\laravel\\sorteio2\\sorteio\\vendor\\laravel\\framework\\src\\Illuminate\\Session\\DatabaseSessionHandler.php(199): Illuminate\\Database\\Query\\Builder->find('NvveIDJmStoxerx...')
#19 C:\\projetos\\laravel\\sorteio2\\sorteio\\vendor\\laravel\\framework\\src\\Illuminate\\Session\\Store.php(193): Illuminate\\Session\\DatabaseSessionHandler->read('NvveIDJmStoxerx...')
#20 C:\\projetos\\laravel\\sorteio2\\sorteio\\vendor\\laravel\\framework\\src\\Illuminate\\Session\\Store.php(173): Illuminate\\Session\\Store->readFromHandler()
#21 C:\\projetos\\laravel\\sorteio2\\sorteio\\vendor\\laravel\\framework\\src\\Illuminate\\Session\\Store.php(141): Illuminate\\Session\\Store->loadSession()
#22 C:\\projetos\\laravel\\sorteio2\\sorteio\\vendor\\laravel\\framework\\src\\Illuminate\\Session\\Middleware\\StartSession.php(293): Illuminate\\Session\\Store->start()
#23 C:\\projetos\\laravel\\sorteio2\\sorteio\\vendor\\laravel\\framework\\src\\Illuminate\\Support\\helpers.php(525): Illuminate\\Session\\Middleware\\StartSession->Illuminate\\Session\\Middleware\\{closure}(Object(Illuminate\\Session\\Store))
#24 C:\\projetos\\laravel\\sorteio2\\sorteio\\vendor\\laravel\\framework\\src\\Illuminate\\Session\\Middleware\\StartSession.php(295): tap(Object(Illuminate\\Session\\Store), Object(Closure))
#25 C:\\projetos\\laravel\\sorteio2\\sorteio\\vendor\\laravel\\framework\\src\\Illuminate\\Session\\Middleware\\StartSession.php(231): Illuminate\\Session\\Middleware\\StartSession->startSession(Object(Illuminate\\Http\\Request), Object(Illuminate\\Session\\Store))
#26 C:\\projetos\\laravel\\sorteio2\\sorteio\\vendor\\laravel\\framework\\src\\Illuminate\\Session\\Middleware\\StartSession.php(127): Illuminate\\Session\\Middleware\\StartSession->handleStatefulRequest(Object(Illuminate\\Http\\Request), Object(Illuminate\\Session\\Store), Object(Closure))
#27 C:\\projetos\\laravel\\sorteio2\\sorteio\\vendor\\laravel\\framework\\src\\Illuminate\\Pipeline\\Pipeline.php(333): Illuminate\\Session\\Middleware\\StartSession->handle(Object(Illuminate\\Http\\Request), Object(Closure))
#28 C:\\projetos\\laravel\\sorteio2\\sorteio\\vendor\\laravel\\framework\\src\\Illuminate\\Cookie\\Middleware\\AddQueuedCookiesToResponse.php(73): Illuminate\\Pipeline\\Pipeline->Illuminate\\Pipeline\\{closure}(Object(Illuminate\\Http\\Request))
#29 C:\\projetos\\laravel\\sorteio2\\sorteio\\vendor\\laravel\\framework\\src\\Illuminate\\Pipeline\\Pipeline.php(333): Illuminate\\Cookie\\Middleware\\AddQueuedCookiesToResponse->handle(Object(Illuminate\\Http\\Request), Object(Closure))
#30 C:\\projetos\\laravel\\sorteio2\\sorteio\\vendor\\laravel\\framework\\src\\Illuminate\\Cookie\\Middleware\\EncryptCookies.php(133): Illuminate\\Pipeline\\Pipeline->Illuminate\\Pipeline\\{closure}(Object(Illuminate\\Http\\Request))
#31 C:\\projetos\\laravel\\sorteio2\\sorteio\\vendor\\laravel\\framework\\src\\Illuminate\\Pipeline\\Pipeline.php(333): Illuminate\\Cookie\\Middleware\\EncryptCookies->handle(Object(Illuminate\\Http\\Request), Object(Closure))
#32 C:\\projetos\\laravel\\sorteio2\\sorteio\\vendor\\laravel\\framework\\src\\Illuminate\\Pipeline\\Pipeline.php(205): Illuminate\\Pipeline\\Pipeline->Illuminate\\Pipeline\\{closure}(Object(Illuminate\\Http\\Request))
#33 C:\\projetos\\laravel\\sorteio2\\sorteio\\vendor\\laravel\\framework\\src\\Illuminate\\Routing\\Router.php(1445): Illuminate\\Pipeline\\Pipeline->then(Object(Closure))
#34 C:\\projetos\\laravel\\sorteio2\\sorteio\\vendor\\laravel\\framework\\src\\Illuminate\\Routing\\Router.php(1395): Illuminate\\Routing\\Router->runRouteWithinStack(Object(Illuminate\\Routing\\Route), Object(Illuminate\\Http\\Request))
#35 C:\\projetos\\laravel\\sorteio2\\sorteio\\vendor\\laravel\\framework\\src\\Illuminate\\Routing\\Router.php(1323): Illuminate\\Routing\\Router->runRoute(Object(Illuminate\\Http\\Request), Object(Illuminate\\Routing\\Route))
#36 C:\\projetos\\laravel\\sorteio2\\sorteio\\vendor\\laravel\\framework\\src\\Illuminate\\Routing\\Router.php(1301): Illuminate\\Routing\\Router->dispatchToRoute(Object(Illuminate\\Http\\Request))
#37 C:\\projetos\\laravel\\sorteio2\\sorteio\\vendor\\laravel\\framework\\src\\Illuminate\\Foundation\\Http\\Kernel.php(333): Illuminate\\Routing\\Router->dispatch(Object(Illuminate\\Http\\Request))
#38 C:\\projetos\\laravel\\sorteio2\\sorteio\\vendor\\laravel\\framework\\src\\Illuminate\\Pipeline\\Pipeline.php(255): Illuminate\\Foundation\\Http\\Kernel->Illuminate\\Foundation\\Http\\{closure}(Object(Illuminate\\Http\\Request))
#39 C:\\projetos\\laravel\\sorteio2\\sorteio\\vendor\\livewire\\livewire\\src\\DisableBrowserCache.php(37): Illuminate\\Pipeline\\Pipeline->Illuminate\\Pipeline\\{closure}(Object(Illuminate\\Http\\Request))
#40 C:\\projetos\\laravel\\sorteio2\\sorteio\\vendor\\laravel\\framework\\src\\Illuminate\\Pipeline\\Pipeline.php(333): Livewire\\DisableBrowserCache->handle(Object(Illuminate\\Http\\Request), Object(Closure))
#41 C:\\projetos\\laravel\\sorteio2\\sorteio\\vendor\\laravel\\framework\\src\\Illuminate\\Foundation\\Http\\Middleware\\TransformsRequest.php(41): Illuminate\\Pipeline\\Pipeline->Illuminate\\Pipeline\\{closure}(Object(Illuminate\\Http\\Request))
#42 C:\\projetos\\laravel\\sorteio2\\sorteio\\vendor\\laravel\\framework\\src\\Illuminate\\Foundation\\Http\\Middleware\\ConvertEmptyStringsToNull.php(61): Illuminate\\Foundation\\Http\\Middleware\\TransformsRequest->handle(Object(Illuminate\\Http\\Request), Object(Closure))
#43 C:\\projetos\\laravel\\sorteio2\\sorteio\\vendor\\laravel\\framework\\src\\Illuminate\\Pipeline\\Pipeline.php(333): Illuminate\\Foundation\\Http\\Middleware\\ConvertEmptyStringsToNull->handle(Object(Illuminate\\Http\\Request), Object(Closure))
#44 C:\\projetos\\laravel\\sorteio2\\sorteio\\vendor\\laravel\\framework\\src\\Illuminate\\Foundation\\Http\\Middleware\\TransformsRequest.php(41): Illuminate\\Pipeline\\Pipeline->Illuminate\\Pipeline\\{closure}(Object(Illuminate\\Http\\Request))
#45 C:\\projetos\\laravel\\sorteio2\\sorteio\\vendor\\laravel\\framework\\src\\Illuminate\\Foundation\\Http\\Middleware\\TrimStrings.php(79): Illuminate\\Foundation\\Http\\Middleware\\TransformsRequest->handle(Object(Illuminate\\Http\\Request), Object(Closure))
#46 C:\\projetos\\laravel\\sorteio2\\sorteio\\vendor\\laravel\\framework\\src\\Illuminate\\Pipeline\\Pipeline.php(333): Illuminate\\Foundation\\Http\\Middleware\\TrimStrings->handle(Object(Illuminate\\Http\\Request), Object(Closure))
#47 C:\\projetos\\laravel\\sorteio2\\sorteio\\vendor\\laravel\\framework\\src\\Illuminate\\Foundation\\Http\\Middleware\\ValidatePostSize.php(53): Illuminate\\Pipeline\\Pipeline->Illuminate\\Pipeline\\{closure}(Object(Illuminate\\Http\\Request))
#48 C:\\projetos\\laravel\\sorteio2\\sorteio\\vendor\\laravel\\framework\\src\\Illuminate\\Pipeline\\Pipeline.php(333): Illuminate\\Foundation\\Http\\Middleware\\ValidatePostSize->handle(Object(Illuminate\\Http\\Request), Object(Closure))
#49 C:\\projetos\\laravel\\sorteio2\\sorteio\\vendor\\laravel\\framework\\src\\Illuminate\\Foundation\\Http\\Middleware\\PreventRequestsDuringMaintenance.php(171): Illuminate\\Pipeline\\Pipeline->Illuminate\\Pipeline\\{closure}(Object(Illuminate\\Http\\Request))
#50 C:\\projetos\\laravel\\sorteio2\\sorteio\\vendor\\laravel\\framework\\src\\Illuminate\\Pipeline\\Pipeline.php(333): Illuminate\\Foundation\\Http\\Middleware\\PreventRequestsDuringMaintenance->handle(Object(Illuminate\\Http\\Request), Object(Closure))
#51 C:\\projetos\\laravel\\sorteio2\\sorteio\\vendor\\fruitcake\\laravel-cors\\src\\HandleCors.php(75): Illuminate\\Pipeline\\Pipeline->Illuminate\\Pipeline\\{closure}(Object(Illuminate\\Http\\Request))
#52 C:\\projetos\\laravel\\sorteio2\\sorteio\\vendor\\laravel\\framework\\src\\Illuminate\\Pipeline\\Pipeline.php(333): Fruitcake\\Cors\\HandleCors->handle(Object(Illuminate\\Http\\Request), Object(Closure))
#53 C:\\projetos\\laravel\\sorteio2\\sorteio\\vendor\\laravel\\framework\\src\\Illuminate\\Http\\Middleware\\TrustProxies.php(77): Illuminate\\Pipeline\\Pipeline->Illuminate\\Pipeline\\{closure}(Object(Illuminate\\Http\\Request))
#54 C:\\projetos\\laravel\\sorteio2\\sorteio\\vendor\\laravel\\framework\\src\\Illuminate\\Pipeline\\Pipeline.php(333): Illuminate\\Http\\Middleware\\TrustProxies->handle(Object(Illuminate\\Http\\Request), Object(Closure))
#55 C:\\projetos\\laravel\\sorteio2\\sorteio\\vendor\\laravel\\framework\\src\\Illuminate\\Pipeline\\Pipeline.php(205): Illuminate\\Pipeline\\Pipeline->Illuminate\\Pipeline\\{closure}(Object(Illuminate\\Http\\Request))
#56 C:\\projetos\\laravel\\sorteio2\\sorteio\\vendor\\laravel\\framework\\src\\Illuminate\\Foundation\\Http\\Kernel.php(283): Illuminate\\Pipeline\\Pipeline->then(Object(Closure))
#57 C:\\projetos\\laravel\\sorteio2\\sorteio\\vendor\\laravel\\framework\\src\\Illuminate\\Foundation\\Http\\Kernel.php(221): Illuminate\\Foundation\\Http\\Kernel->sendRequestThroughRouter(Object(Illuminate\\Http\\Request))
#58 C:\\projetos\\laravel\\sorteio2\\sorteio\\public\\index.php(103): Illuminate\\Foundation\\Http\\Kernel->handle(Object(Illuminate\\Http\\Request))
#59 C:\\projetos\\laravel\\sorteio2\\sorteio\\server.php(41): require_once('C:\\\\projetos\\\\lar...')
#60 {main}
"} 
